initLibrary()
Initialized library.
initOpenGLRenderer(768,1280,0068E60C,256)
RenderServer::create creating TCP streamlisten: created loopback server
 started renderer thread.
rcGetFBParam(1)
Requested FB width: return 768rcGetFBParam(2)
Requested FB height: return 1280rcGetFBParam(8)
rcGetFBParam(8)
rcGetFBParam(5)
rcGetFBParam(6)
rcGetFBParam(7)
rcGetFBParam(8)
rcCreateContext: FrameBuffer::getFB returned something, calling createRenderContext...
createRenderContext: Returning 1rcCreateContext: FrameBuffer::getFB returned something, calling createRenderContext...
createRenderContext: Returning 9rcCreateContext: FrameBuffer::getFB returned something, calling createRenderContext...
createRenderContext: Returning 13rcCreateContext: FrameBuffer::getFB returned something, calling createRenderContext...
createRenderContext: Returning 16rcCreateContext: FrameBuffer::getFB returned something, calling createRenderContext...
createRenderContext: Returning 19rcCreateContext: FrameBuffer::getFB returned something, calling createRenderContext...
createRenderContext: Returning 29rcCreateContext: FrameBuffer::getFB returned something, calling createRenderContext...
createRenderContext: Returning 48eglMakeCurrent failed
FrameBuffer::post eglMakeCurrent failed
eglMakeCurrent failed
FrameBuffer::post eglMakeCurrent failed
initLibrary()
Initialized library.
initOpenGLRenderer(768,1280,0108E73C,256)
RenderServer::create creating TCP streamlisten: created loopback server
 started renderer thread.
rcGetFBParam(1)
Requested FB width: return 768rcGetFBParam(2)
Requested FB height: return 1280rcGetFBParam(8)
rcGetFBParam(8)
rcGetFBParam(5)
rcGetFBParam(6)
rcGetFBParam(7)
rcGetFBParam(8)
rcCreateContext: FrameBuffer::getFB returned something, calling createRenderContext...
createRenderContext: Returning 1rcCreateContext: FrameBuffer::getFB returned something, calling createRenderContext...
createRenderContext: Returning 9rcCreateContext: FrameBuffer::getFB returned something, calling createRenderContext...
createRenderContext: Returning 13rcCreateContext: FrameBuffer::getFB returned something, calling createRenderContext...
createRenderContext: Returning 16rcCreateContext: FrameBuffer::getFB returned something, calling createRenderContext...
createRenderContext: Returning 19rcCreateContext: FrameBuffer::getFB returned something, calling createRenderContext...
createRenderContext: Returning 31rcCreateContext: FrameBuffer::getFB returned something, calling createRenderContext...
createRenderContext: Returning 48rcCreateContext: FrameBuffer::getFB returned something, calling createRenderContext...
createRenderContext: Returning 73eglMakeCurrent failed
FrameBuffer::post eglMakeCurrent failed
